<?xml version="1.0" encoding="UTF-8"?>
<testng-results ignored="0" total="1" passed="0" failed="1" skipped="0">
  <reporter-output>
  </reporter-output>
  <suite started-at="2022-03-09T16:30:50 SGT" name="Default suite" finished-at="2022-03-09T16:31:20 SGT" duration-ms="30615">
    <groups>
    </groups>
    <test started-at="2022-03-09T16:30:50 SGT" name="Default test" finished-at="2022-03-09T16:31:20 SGT" duration-ms="30615">
      <class name="com.test.framework.Run">
        <test-method is-config="true" signature="preparingTestScenarios()[pri:0, instance:com.test.framework.Run@73173f63]" started-at="2022-03-09T16:30:49 SGT" name="preparingTestScenarios" finished-at="2022-03-09T16:30:50 SGT" duration-ms="530" status="PASS">
          <reporter-output>
          </reporter-output>
        </test-method> <!-- preparingTestScenarios -->
        <test-method is-config="true" signature="InitReport()[pri:0, instance:com.test.framework.Run@73173f63]" started-at="2022-03-09T16:30:50 SGT" name="InitReport" finished-at="2022-03-09T16:30:50 SGT" duration-ms="695" status="PASS">
          <reporter-output>
          </reporter-output>
        </test-method> <!-- InitReport -->
        <test-method is-config="true" signature="OpenDriver()[pri:0, instance:com.test.framework.Run@73173f63]" started-at="2022-03-09T16:30:50 SGT" name="OpenDriver" finished-at="2022-03-09T16:31:03 SGT" duration-ms="12982" status="PASS">
          <reporter-output>
          </reporter-output>
        </test-method> <!-- OpenDriver -->
        <test-method signature="Driver(java.lang.String,java.lang.String)[pri:0, instance:com.test.framework.Run@73173f63]" started-at="2022-03-09T16:31:03 SGT" name="Driver" data-provider="TestScenario" finished-at="2022-03-09T16:31:20 SGT" duration-ms="16492" status="FAIL">
          <params>
            <param index="0">
              <value>
                <![CDATA[TS_booking.com Web Demo]]>
              </value>
            </param>
            <param index="1">
              <value>
                <![CDATA[Browser]]>
              </value>
            </param>
          </params>
          <exception class="java.lang.AssertionError">
            <message>
              <![CDATA[Expected condition failed: waiting for presence of element located by: By.xpath: //span[@id="profile-menu-trigger--title"] (tried for 10 second(s) with 500 milliseconds interval)]]>
            </message>
            <full-stacktrace>
              <![CDATA[java.lang.AssertionError: Expected condition failed: waiting for presence of element located by: By.xpath: //span[@id="profile-menu-trigger--title"] (tried for 10 second(s) with 500 milliseconds interval)
at org.testng.Assert.fail(Assert.java:99)
at com.test.framework.Run.Driver(Run.java:229)
at java.base/jdk.internal.reflect.NativeMethodAccessorImpl.invoke0(Native Method)
at java.base/jdk.internal.reflect.NativeMethodAccessorImpl.invoke(NativeMethodAccessorImpl.java:77)
at java.base/jdk.internal.reflect.DelegatingMethodAccessorImpl.invoke(DelegatingMethodAccessorImpl.java:43)
at java.base/java.lang.reflect.Method.invoke(Method.java:568)
at org.testng.internal.MethodInvocationHelper.invokeMethod(MethodInvocationHelper.java:133)
at org.testng.internal.TestInvoker.invokeMethod(TestInvoker.java:598)
at org.testng.internal.TestInvoker.invokeTestMethod(TestInvoker.java:173)
at org.testng.internal.MethodRunner.runInSequence(MethodRunner.java:46)
at org.testng.internal.TestInvoker$MethodInvocationAgent.invoke(TestInvoker.java:824)
at org.testng.internal.TestInvoker.invokeTestMethods(TestInvoker.java:146)
at org.testng.internal.TestMethodWorker.invokeTestMethods(TestMethodWorker.java:146)
at org.testng.internal.TestMethodWorker.run(TestMethodWorker.java:128)
at java.base/java.util.ArrayList.forEach(ArrayList.java:1511)
at org.testng.TestRunner.privateRun(TestRunner.java:794)
at org.testng.TestRunner.run(TestRunner.java:596)
at org.testng.SuiteRunner.runTest(SuiteRunner.java:377)
at org.testng.SuiteRunner.runSequentially(SuiteRunner.java:371)
at org.testng.SuiteRunner.privateRun(SuiteRunner.java:332)
at org.testng.SuiteRunner.run(SuiteRunner.java:276)
at org.testng.SuiteRunnerWorker.runSuite(SuiteRunnerWorker.java:53)
at org.testng.SuiteRunnerWorker.run(SuiteRunnerWorker.java:96)
at org.testng.TestNG.runSuitesSequentially(TestNG.java:1212)
at org.testng.TestNG.runSuitesLocally(TestNG.java:1134)
at org.testng.TestNG.runSuites(TestNG.java:1063)
at org.testng.TestNG.run(TestNG.java:1031)
at org.testng.remote.AbstractRemoteTestNG.run(AbstractRemoteTestNG.java:115)
at org.testng.remote.RemoteTestNG.initAndRun(RemoteTestNG.java:251)
at org.testng.remote.RemoteTestNG.main(RemoteTestNG.java:77)
]]>
            </full-stacktrace>
          </exception> <!-- java.lang.AssertionError -->
          <reporter-output>
          </reporter-output>
        </test-method> <!-- Driver -->
        <test-method is-config="true" signature="logout()[pri:0, instance:com.test.framework.Run@73173f63]" started-at="2022-03-09T16:31:20 SGT" name="logout" finished-at="2022-03-09T16:31:20 SGT" duration-ms="392" status="PASS">
          <reporter-output>
          </reporter-output>
        </test-method> <!-- logout -->
        <test-method is-config="true" signature="Exit()[pri:0, instance:com.test.framework.Run@73173f63]" started-at="2022-03-09T16:31:20 SGT" name="Exit" finished-at="2022-03-09T16:31:23 SGT" duration-ms="2813" status="PASS">
          <reporter-output>
          </reporter-output>
        </test-method> <!-- Exit -->
      </class> <!-- com.test.framework.Run -->
    </test> <!-- Default test -->
  </suite> <!-- Default suite -->
</testng-results>
